0 info it worked if it ends with ok
1 verbose cli [ 'C:\\Program Files\\nodejs\\node.exe',
1 verbose cli   'C:\\Program Files\\nodejs\\node_modules\\npm\\bin\\npm-cli.js',
1 verbose cli   'publish' ]
2 info using npm@3.3.6
3 info using node@v5.0.0
4 verbose publish [ '.' ]
5 silly cache add args [ '.', null ]
6 verbose cache add spec .
7 silly cache add parsed spec Result {
7 silly cache add   raw: '.',
7 silly cache add   scope: null,
7 silly cache add   name: null,
7 silly cache add   rawSpec: '.',
7 silly cache add   spec: 'F:\\Ionic\\MeloServer\\node_modules\\elife-dim',
7 silly cache add   type: 'directory' }
8 verbose addLocalDirectory C:\Users\DIARRA\AppData\Roaming\npm-cache\dim\1.0.2\package.tgz not in flight; packing
9 info lifecycle dim@1.0.2~prepublish: dim@1.0.2
10 silly lifecycle dim@1.0.2~prepublish: no script for prepublish, continuing
11 verbose tar pack [ 'C:\\Users\\DIARRA\\AppData\\Roaming\\npm-cache\\dim\\1.0.2\\package.tgz',
11 verbose tar pack   'F:\\Ionic\\MeloServer\\node_modules\\elife-dim' ]
12 verbose tarball C:\Users\DIARRA\AppData\Roaming\npm-cache\dim\1.0.2\package.tgz
13 verbose folder F:\Ionic\MeloServer\node_modules\elife-dim
14 verbose addLocalTarball adding from inside cache C:\Users\DIARRA\AppData\Roaming\npm-cache\dim\1.0.2\package.tgz
15 silly cache afterAdd dim@1.0.2
16 verbose afterAdd C:\Users\DIARRA\AppData\Roaming\npm-cache\dim\1.0.2\package\package.json not in flight; writing
17 verbose afterAdd C:\Users\DIARRA\AppData\Roaming\npm-cache\dim\1.0.2\package\package.json written
18 silly publish { name: 'dim',
18 silly publish   version: '1.0.2',
18 silly publish   description: 'module and package required to start express-life',
18 silly publish   main: 'index.js',
18 silly publish   scripts: { test: 'echo "Error: no test specified" && exit 1' },
18 silly publish   repository: { type: 'git', url: 'git+https://github.com/DIMLEO/dim.git' },
18 silly publish   keywords: [ 'Express', 'Life', 'NodeJs', 'Web', 'Application' ],
18 silly publish   author: { name: 'DIARRA Mamadou' },
18 silly publish   license: 'MIT',
18 silly publish   bugs: { url: 'https://github.com/DIMLEO/dim/issues' },
18 silly publish   homepage: 'https://github.com/DIMLEO/dim#readme',
18 silly publish   gitHead: '5956e80fcbe24a4774c9194b5369c77631353197',
18 silly publish   readme: 'ERROR: No README data found!',
18 silly publish   _id: 'dim@1.0.2',
18 silly publish   _shasum: '677d0ee40244ac4941a9f5d5181542f9b4e8315e',
18 silly publish   _from: '.' }
19 verbose getPublishConfig undefined
20 silly mapToRegistry name dim
21 silly mapToRegistry using default registry
22 silly mapToRegistry registry https://registry.npmjs.org/
23 silly mapToRegistry uri https://registry.npmjs.org/dim
24 verbose publish registryBase https://registry.npmjs.org/
25 silly publish uploading C:\Users\DIARRA\AppData\Roaming\npm-cache\dim\1.0.2\package.tgz
26 verbose request uri https://registry.npmjs.org/dim
27 verbose request sending authorization for write operation
28 info attempt registry request try #1 at 10:37:41
29 verbose request using bearer token for auth
30 verbose request id f368fec009455e05
31 http request PUT https://registry.npmjs.org/dim
32 http 403 https://registry.npmjs.org/dim
33 verbose headers { 'content-type': 'application/json',
33 verbose headers   'cache-control': 'max-age=300',
33 verbose headers   'content-length': '95',
33 verbose headers   'accept-ranges': 'bytes',
33 verbose headers   date: 'Sat, 19 Dec 2015 10:37:47 GMT',
33 verbose headers   via: '1.1 varnish',
33 verbose headers   connection: 'keep-alive',
33 verbose headers   'x-served-by': 'cache-fra1224-FRA',
33 verbose headers   'x-cache': 'MISS',
33 verbose headers   'x-cache-hits': '0',
33 verbose headers   'x-timer': 'S1450521465.978572,VS0,VE1225' }
34 verbose request invalidating C:\Users\DIARRA\AppData\Roaming\npm-cache\registry.npmjs.org\dim on PUT
35 error publish Failed PUT 403
36 verbose stack Error: You do not have permission to publish 'dim'. Are you logged in as the correct user? : dim
36 verbose stack     at makeError (C:\Program Files\nodejs\node_modules\npm\node_modules\npm-registry-client\lib\request.js:264:12)
36 verbose stack     at CachingRegistryClient.<anonymous> (C:\Program Files\nodejs\node_modules\npm\node_modules\npm-registry-client\lib\request.js:252:14)
36 verbose stack     at Request._callback (C:\Program Files\nodejs\node_modules\npm\node_modules\npm-registry-client\lib\request.js:172:14)
36 verbose stack     at Request.self.callback (C:\Program Files\nodejs\node_modules\npm\node_modules\request\request.js:198:22)
36 verbose stack     at emitTwo (events.js:87:13)
36 verbose stack     at Request.emit (events.js:172:7)
36 verbose stack     at Request.<anonymous> (C:\Program Files\nodejs\node_modules\npm\node_modules\request\request.js:1063:14)
36 verbose stack     at emitOne (events.js:82:20)
36 verbose stack     at Request.emit (events.js:169:7)
36 verbose stack     at IncomingMessage.<anonymous> (C:\Program Files\nodejs\node_modules\npm\node_modules\request\request.js:1009:12)
37 verbose statusCode 403
38 verbose pkgid dim
39 verbose cwd F:\Ionic\MeloServer\node_modules\elife-dim
40 error Windows_NT 6.3.9600
41 error argv "C:\\Program Files\\nodejs\\node.exe" "C:\\Program Files\\nodejs\\node_modules\\npm\\bin\\npm-cli.js" "publish"
42 error node v5.0.0
43 error npm  v3.3.6
44 error code E403
45 error You do not have permission to publish 'dim'. Are you logged in as the correct user? : dim
46 error If you need help, you may report this error at:
46 error     <https://github.com/npm/npm/issues>
47 verbose exit [ 1, true ]
